<?xml version="1.0" encoding="UTF-8"?>
<testsuite xmlns:xsi="http://www.w3.org/2001/XMLSchema-instance" xsi:noNamespaceSchemaLocation="https://maven.apache.org/surefire/maven-surefire-plugin/xsd/surefire-test-report.xsd" version="3.0.1" name="com.revature.unitTests.UnitSuite" time="1.601" tests="43" errors="0" skipped="0" failures="0">
  <properties>
    <property name="sun.desktop" value="windows"/>
    <property name="awt.toolkit" value="sun.awt.windows.WToolkit"/>
    <property name="java.specification.version" value="11"/>
    <property name="sun.cpu.isalist" value="amd64"/>
    <property name="sun.jnu.encoding" value="Cp1252"/>
    <property name="java.class.path" value="C:\Users\ethan\IdeaProjects\revature\team-planetarium\Planetarium\target\test-classes;C:\Users\ethan\IdeaProjects\revature\team-planetarium\Planetarium\target\classes;C:\Users\ethan\.m2\repository\junit\junit\4.13.2\junit-4.13.2.jar;C:\Users\ethan\.m2\repository\org\hamcrest\hamcrest-core\1.3\hamcrest-core-1.3.jar;C:\Users\ethan\.m2\repository\org\slf4j\slf4j-simple\2.0.10\slf4j-simple-2.0.10.jar;C:\Users\ethan\.m2\repository\org\slf4j\slf4j-api\2.0.10\slf4j-api-2.0.10.jar;C:\Users\ethan\.m2\repository\org\xerial\sqlite-jdbc\3.45.2.0\sqlite-jdbc-3.45.2.0.jar;C:\Users\ethan\.m2\repository\io\javalin\javalin\6.1.3\javalin-6.1.3.jar;C:\Users\ethan\.m2\repository\org\eclipse\jetty\jetty-server\11.0.20\jetty-server-11.0.20.jar;C:\Users\ethan\.m2\repository\org\eclipse\jetty\jetty-http\11.0.20\jetty-http-11.0.20.jar;C:\Users\ethan\.m2\repository\org\eclipse\jetty\jetty-util\11.0.20\jetty-util-11.0.20.jar;C:\Users\ethan\.m2\repository\org\eclipse\jetty\jetty-io\11.0.20\jetty-io-11.0.20.jar;C:\Users\ethan\.m2\repository\org\eclipse\jetty\toolchain\jetty-jakarta-servlet-api\5.0.2\jetty-jakarta-servlet-api-5.0.2.jar;C:\Users\ethan\.m2\repository\org\eclipse\jetty\websocket\websocket-jetty-server\11.0.20\websocket-jetty-server-11.0.20.jar;C:\Users\ethan\.m2\repository\org\eclipse\jetty\jetty-servlet\11.0.20\jetty-servlet-11.0.20.jar;C:\Users\ethan\.m2\repository\org\eclipse\jetty\jetty-security\11.0.20\jetty-security-11.0.20.jar;C:\Users\ethan\.m2\repository\org\eclipse\jetty\jetty-webapp\11.0.20\jetty-webapp-11.0.20.jar;C:\Users\ethan\.m2\repository\org\eclipse\jetty\jetty-xml\11.0.20\jetty-xml-11.0.20.jar;C:\Users\ethan\.m2\repository\org\eclipse\jetty\websocket\websocket-jetty-api\11.0.20\websocket-jetty-api-11.0.20.jar;C:\Users\ethan\.m2\repository\org\eclipse\jetty\websocket\websocket-jetty-common\11.0.20\websocket-jetty-common-11.0.20.jar;C:\Users\ethan\.m2\repository\org\eclipse\jetty\websocket\websocket-core-common\11.0.20\websocket-core-common-11.0.20.jar;C:\Users\ethan\.m2\repository\org\eclipse\jetty\websocket\websocket-servlet\11.0.20\websocket-servlet-11.0.20.jar;C:\Users\ethan\.m2\repository\org\eclipse\jetty\websocket\websocket-core-server\11.0.20\websocket-core-server-11.0.20.jar;C:\Users\ethan\.m2\repository\org\jetbrains\kotlin\kotlin-stdlib-jdk8\1.9.22\kotlin-stdlib-jdk8-1.9.22.jar;C:\Users\ethan\.m2\repository\org\jetbrains\kotlin\kotlin-stdlib\1.9.22\kotlin-stdlib-1.9.22.jar;C:\Users\ethan\.m2\repository\org\jetbrains\kotlin\kotlin-stdlib-jdk7\1.9.22\kotlin-stdlib-jdk7-1.9.22.jar;C:\Users\ethan\.m2\repository\com\fasterxml\jackson\core\jackson-databind\2.13.4\jackson-databind-2.13.4.jar;C:\Users\ethan\.m2\repository\com\fasterxml\jackson\core\jackson-annotations\2.13.4\jackson-annotations-2.13.4.jar;C:\Users\ethan\.m2\repository\com\fasterxml\jackson\core\jackson-core\2.13.4\jackson-core-2.13.4.jar;C:\Users\ethan\.m2\repository\org\seleniumhq\selenium\selenium-java\4.23.0\selenium-java-4.23.0.jar;C:\Users\ethan\.m2\repository\org\seleniumhq\selenium\selenium-api\4.23.0\selenium-api-4.23.0.jar;C:\Users\ethan\.m2\repository\org\seleniumhq\selenium\selenium-chrome-driver\4.23.0\selenium-chrome-driver-4.23.0.jar;C:\Users\ethan\.m2\repository\com\google\auto\service\auto-service-annotations\1.1.1\auto-service-annotations-1.1.1.jar;C:\Users\ethan\.m2\repository\org\seleniumhq\selenium\selenium-chromium-driver\4.23.0\selenium-chromium-driver-4.23.0.jar;C:\Users\ethan\.m2\repository\org\seleniumhq\selenium\selenium-json\4.23.0\selenium-json-4.23.0.jar;C:\Users\ethan\.m2\repository\org\seleniumhq\selenium\selenium-manager\4.23.0\selenium-manager-4.23.0.jar;C:\Users\ethan\.m2\repository\org\seleniumhq\selenium\selenium-devtools-v125\4.23.0\selenium-devtools-v125-4.23.0.jar;C:\Users\ethan\.m2\repository\org\seleniumhq\selenium\selenium-devtools-v126\4.23.0\selenium-devtools-v126-4.23.0.jar;C:\Users\ethan\.m2\repository\org\seleniumhq\selenium\selenium-devtools-v127\4.23.0\selenium-devtools-v127-4.23.0.jar;C:\Users\ethan\.m2\repository\org\seleniumhq\selenium\selenium-devtools-v85\4.23.0\selenium-devtools-v85-4.23.0.jar;C:\Users\ethan\.m2\repository\org\seleniumhq\selenium\selenium-edge-driver\4.23.0\selenium-edge-driver-4.23.0.jar;C:\Users\ethan\.m2\repository\org\seleniumhq\selenium\selenium-firefox-driver\4.23.0\selenium-firefox-driver-4.23.0.jar;C:\Users\ethan\.m2\repository\org\seleniumhq\selenium\selenium-http\4.23.0\selenium-http-4.23.0.jar;C:\Users\ethan\.m2\repository\dev\failsafe\failsafe\3.3.2\failsafe-3.3.2.jar;C:\Users\ethan\.m2\repository\org\seleniumhq\selenium\selenium-ie-driver\4.23.0\selenium-ie-driver-4.23.0.jar;C:\Users\ethan\.m2\repository\org\seleniumhq\selenium\selenium-remote-driver\4.23.0\selenium-remote-driver-4.23.0.jar;C:\Users\ethan\.m2\repository\com\google\guava\guava\33.2.1-jre\guava-33.2.1-jre.jar;C:\Users\ethan\.m2\repository\com\google\guava\failureaccess\1.0.2\failureaccess-1.0.2.jar;C:\Users\ethan\.m2\repository\com\google\guava\listenablefuture\9999.0-empty-to-avoid-conflict-with-guava\listenablefuture-9999.0-empty-to-avoid-conflict-with-guava.jar;C:\Users\ethan\.m2\repository\com\google\code\findbugs\jsr305\3.0.2\jsr305-3.0.2.jar;C:\Users\ethan\.m2\repository\org\checkerframework\checker-qual\3.42.0\checker-qual-3.42.0.jar;C:\Users\ethan\.m2\repository\com\google\errorprone\error_prone_annotations\2.26.1\error_prone_annotations-2.26.1.jar;C:\Users\ethan\.m2\repository\com\google\j2objc\j2objc-annotations\3.0.0\j2objc-annotations-3.0.0.jar;C:\Users\ethan\.m2\repository\io\opentelemetry\semconv\opentelemetry-semconv\1.25.0-alpha\opentelemetry-semconv-1.25.0-alpha.jar;C:\Users\ethan\.m2\repository\io\opentelemetry\opentelemetry-api\1.40.0\opentelemetry-api-1.40.0.jar;C:\Users\ethan\.m2\repository\io\opentelemetry\opentelemetry-context\1.40.0\opentelemetry-context-1.40.0.jar;C:\Users\ethan\.m2\repository\io\opentelemetry\opentelemetry-exporter-logging\1.40.0\opentelemetry-exporter-logging-1.40.0.jar;C:\Users\ethan\.m2\repository\io\opentelemetry\opentelemetry-sdk-common\1.40.0\opentelemetry-sdk-common-1.40.0.jar;C:\Users\ethan\.m2\repository\io\opentelemetry\opentelemetry-sdk-extension-autoconfigure-spi\1.40.0\opentelemetry-sdk-extension-autoconfigure-spi-1.40.0.jar;C:\Users\ethan\.m2\repository\io\opentelemetry\opentelemetry-sdk-extension-autoconfigure\1.40.0\opentelemetry-sdk-extension-autoconfigure-1.40.0.jar;C:\Users\ethan\.m2\repository\io\opentelemetry\opentelemetry-api-incubator\1.40.0-alpha\opentelemetry-api-incubator-1.40.0-alpha.jar;C:\Users\ethan\.m2\repository\io\opentelemetry\opentelemetry-sdk-trace\1.40.0\opentelemetry-sdk-trace-1.40.0.jar;C:\Users\ethan\.m2\repository\io\opentelemetry\opentelemetry-sdk\1.40.0\opentelemetry-sdk-1.40.0.jar;C:\Users\ethan\.m2\repository\io\opentelemetry\opentelemetry-sdk-metrics\1.40.0\opentelemetry-sdk-metrics-1.40.0.jar;C:\Users\ethan\.m2\repository\io\opentelemetry\opentelemetry-sdk-logs\1.40.0\opentelemetry-sdk-logs-1.40.0.jar;C:\Users\ethan\.m2\repository\org\seleniumhq\selenium\selenium-os\4.23.0\selenium-os-4.23.0.jar;C:\Users\ethan\.m2\repository\org\apache\commons\commons-exec\1.4.0\commons-exec-1.4.0.jar;C:\Users\ethan\.m2\repository\org\seleniumhq\selenium\selenium-safari-driver\4.23.0\selenium-safari-driver-4.23.0.jar;C:\Users\ethan\.m2\repository\org\seleniumhq\selenium\selenium-support\4.23.0\selenium-support-4.23.0.jar;C:\Users\ethan\.m2\repository\io\cucumber\cucumber-junit\6.1.1\cucumber-junit-6.1.1.jar;C:\Users\ethan\.m2\repository\org\apiguardian\apiguardian-api\1.1.0\apiguardian-api-1.1.0.jar;C:\Users\ethan\.m2\repository\io\cucumber\cucumber-core\6.1.1\cucumber-core-6.1.1.jar;C:\Users\ethan\.m2\repository\io\cucumber\cucumber-gherkin\6.1.1\cucumber-gherkin-6.1.1.jar;C:\Users\ethan\.m2\repository\io\cucumber\cucumber-gherkin-messages\6.1.1\cucumber-gherkin-messages-6.1.1.jar;C:\Users\ethan\.m2\repository\io\cucumber\messages\12.1.1\messages-12.1.1.jar;C:\Users\ethan\.m2\repository\io\cucumber\tag-expressions\3.0.0\tag-expressions-3.0.0.jar;C:\Users\ethan\.m2\repository\io\cucumber\cucumber-expressions\10.2.0\cucumber-expressions-10.2.0.jar;C:\Users\ethan\.m2\repository\io\cucumber\datatable\3.3.1\datatable-3.3.1.jar;C:\Users\ethan\.m2\repository\io\cucumber\cucumber-plugin\6.1.1\cucumber-plugin-6.1.1.jar;C:\Users\ethan\.m2\repository\io\cucumber\docstring\6.1.1\docstring-6.1.1.jar;C:\Users\ethan\.m2\repository\io\cucumber\html-formatter\6.0.3\html-formatter-6.0.3.jar;C:\Users\ethan\.m2\repository\io\cucumber\cucumber-java\6.1.1\cucumber-java-6.1.1.jar;C:\Users\ethan\.m2\repository\org\jetbrains\annotations\24.1.0\annotations-24.1.0.jar;C:\Users\ethan\.m2\repository\commons-lang\commons-lang\1.0\commons-lang-1.0.jar;C:\Users\ethan\.m2\repository\org\mockito\mockito-core\5.15.2\mockito-core-5.15.2.jar;C:\Users\ethan\.m2\repository\net\bytebuddy\byte-buddy\1.15.11\byte-buddy-1.15.11.jar;C:\Users\ethan\.m2\repository\net\bytebuddy\byte-buddy-agent\1.15.11\byte-buddy-agent-1.15.11.jar;C:\Users\ethan\.m2\repository\org\objenesis\objenesis\3.3\objenesis-3.3.jar;"/>
    <property name="java.vm.vendor" value="Eclipse Adoptium"/>
    <property name="sun.arch.data.model" value="64"/>
    <property name="user.variant" value=""/>
    <property name="java.vendor.url" value="https://adoptium.net/"/>
    <property name="user.timezone" value="America/Chicago"/>
    <property name="java.vm.specification.version" value="11"/>
    <property name="os.name" value="Windows 11"/>
    <property name="sun.java.launcher" value="SUN_STANDARD"/>
    <property name="user.country" value="US"/>
    <property name="sun.boot.library.path" value="C:\Users\ethan\.jdks\temurin-11.0.25\bin"/>
    <property name="sun.java.command" value="C:\Users\ethan\AppData\Local\Temp\surefire13950544467662063439\surefirebooter-20250116085147609_3.jar C:\Users\ethan\AppData\Local\Temp\surefire13950544467662063439 2025-01-16T08-51-47_382-jvmRun1 surefire-20250116085147609_1tmp surefire_0-20250116085147609_2tmp"/>
    <property name="jdk.debug" value="release"/>
    <property name="surefire.test.class.path" value="C:\Users\ethan\IdeaProjects\revature\team-planetarium\Planetarium\target\test-classes;C:\Users\ethan\IdeaProjects\revature\team-planetarium\Planetarium\target\classes;C:\Users\ethan\.m2\repository\junit\junit\4.13.2\junit-4.13.2.jar;C:\Users\ethan\.m2\repository\org\hamcrest\hamcrest-core\1.3\hamcrest-core-1.3.jar;C:\Users\ethan\.m2\repository\org\slf4j\slf4j-simple\2.0.10\slf4j-simple-2.0.10.jar;C:\Users\ethan\.m2\repository\org\slf4j\slf4j-api\2.0.10\slf4j-api-2.0.10.jar;C:\Users\ethan\.m2\repository\org\xerial\sqlite-jdbc\3.45.2.0\sqlite-jdbc-3.45.2.0.jar;C:\Users\ethan\.m2\repository\io\javalin\javalin\6.1.3\javalin-6.1.3.jar;C:\Users\ethan\.m2\repository\org\eclipse\jetty\jetty-server\11.0.20\jetty-server-11.0.20.jar;C:\Users\ethan\.m2\repository\org\eclipse\jetty\jetty-http\11.0.20\jetty-http-11.0.20.jar;C:\Users\ethan\.m2\repository\org\eclipse\jetty\jetty-util\11.0.20\jetty-util-11.0.20.jar;C:\Users\ethan\.m2\repository\org\eclipse\jetty\jetty-io\11.0.20\jetty-io-11.0.20.jar;C:\Users\ethan\.m2\repository\org\eclipse\jetty\toolchain\jetty-jakarta-servlet-api\5.0.2\jetty-jakarta-servlet-api-5.0.2.jar;C:\Users\ethan\.m2\repository\org\eclipse\jetty\websocket\websocket-jetty-server\11.0.20\websocket-jetty-server-11.0.20.jar;C:\Users\ethan\.m2\repository\org\eclipse\jetty\jetty-servlet\11.0.20\jetty-servlet-11.0.20.jar;C:\Users\ethan\.m2\repository\org\eclipse\jetty\jetty-security\11.0.20\jetty-security-11.0.20.jar;C:\Users\ethan\.m2\repository\org\eclipse\jetty\jetty-webapp\11.0.20\jetty-webapp-11.0.20.jar;C:\Users\ethan\.m2\repository\org\eclipse\jetty\jetty-xml\11.0.20\jetty-xml-11.0.20.jar;C:\Users\ethan\.m2\repository\org\eclipse\jetty\websocket\websocket-jetty-api\11.0.20\websocket-jetty-api-11.0.20.jar;C:\Users\ethan\.m2\repository\org\eclipse\jetty\websocket\websocket-jetty-common\11.0.20\websocket-jetty-common-11.0.20.jar;C:\Users\ethan\.m2\repository\org\eclipse\jetty\websocket\websocket-core-common\11.0.20\websocket-core-common-11.0.20.jar;C:\Users\ethan\.m2\repository\org\eclipse\jetty\websocket\websocket-servlet\11.0.20\websocket-servlet-11.0.20.jar;C:\Users\ethan\.m2\repository\org\eclipse\jetty\websocket\websocket-core-server\11.0.20\websocket-core-server-11.0.20.jar;C:\Users\ethan\.m2\repository\org\jetbrains\kotlin\kotlin-stdlib-jdk8\1.9.22\kotlin-stdlib-jdk8-1.9.22.jar;C:\Users\ethan\.m2\repository\org\jetbrains\kotlin\kotlin-stdlib\1.9.22\kotlin-stdlib-1.9.22.jar;C:\Users\ethan\.m2\repository\org\jetbrains\kotlin\kotlin-stdlib-jdk7\1.9.22\kotlin-stdlib-jdk7-1.9.22.jar;C:\Users\ethan\.m2\repository\com\fasterxml\jackson\core\jackson-databind\2.13.4\jackson-databind-2.13.4.jar;C:\Users\ethan\.m2\repository\com\fasterxml\jackson\core\jackson-annotations\2.13.4\jackson-annotations-2.13.4.jar;C:\Users\ethan\.m2\repository\com\fasterxml\jackson\core\jackson-core\2.13.4\jackson-core-2.13.4.jar;C:\Users\ethan\.m2\repository\org\seleniumhq\selenium\selenium-java\4.23.0\selenium-java-4.23.0.jar;C:\Users\ethan\.m2\repository\org\seleniumhq\selenium\selenium-api\4.23.0\selenium-api-4.23.0.jar;C:\Users\ethan\.m2\repository\org\seleniumhq\selenium\selenium-chrome-driver\4.23.0\selenium-chrome-driver-4.23.0.jar;C:\Users\ethan\.m2\repository\com\google\auto\service\auto-service-annotations\1.1.1\auto-service-annotations-1.1.1.jar;C:\Users\ethan\.m2\repository\org\seleniumhq\selenium\selenium-chromium-driver\4.23.0\selenium-chromium-driver-4.23.0.jar;C:\Users\ethan\.m2\repository\org\seleniumhq\selenium\selenium-json\4.23.0\selenium-json-4.23.0.jar;C:\Users\ethan\.m2\repository\org\seleniumhq\selenium\selenium-manager\4.23.0\selenium-manager-4.23.0.jar;C:\Users\ethan\.m2\repository\org\seleniumhq\selenium\selenium-devtools-v125\4.23.0\selenium-devtools-v125-4.23.0.jar;C:\Users\ethan\.m2\repository\org\seleniumhq\selenium\selenium-devtools-v126\4.23.0\selenium-devtools-v126-4.23.0.jar;C:\Users\ethan\.m2\repository\org\seleniumhq\selenium\selenium-devtools-v127\4.23.0\selenium-devtools-v127-4.23.0.jar;C:\Users\ethan\.m2\repository\org\seleniumhq\selenium\selenium-devtools-v85\4.23.0\selenium-devtools-v85-4.23.0.jar;C:\Users\ethan\.m2\repository\org\seleniumhq\selenium\selenium-edge-driver\4.23.0\selenium-edge-driver-4.23.0.jar;C:\Users\ethan\.m2\repository\org\seleniumhq\selenium\selenium-firefox-driver\4.23.0\selenium-firefox-driver-4.23.0.jar;C:\Users\ethan\.m2\repository\org\seleniumhq\selenium\selenium-http\4.23.0\selenium-http-4.23.0.jar;C:\Users\ethan\.m2\repository\dev\failsafe\failsafe\3.3.2\failsafe-3.3.2.jar;C:\Users\ethan\.m2\repository\org\seleniumhq\selenium\selenium-ie-driver\4.23.0\selenium-ie-driver-4.23.0.jar;C:\Users\ethan\.m2\repository\org\seleniumhq\selenium\selenium-remote-driver\4.23.0\selenium-remote-driver-4.23.0.jar;C:\Users\ethan\.m2\repository\com\google\guava\guava\33.2.1-jre\guava-33.2.1-jre.jar;C:\Users\ethan\.m2\repository\com\google\guava\failureaccess\1.0.2\failureaccess-1.0.2.jar;C:\Users\ethan\.m2\repository\com\google\guava\listenablefuture\9999.0-empty-to-avoid-conflict-with-guava\listenablefuture-9999.0-empty-to-avoid-conflict-with-guava.jar;C:\Users\ethan\.m2\repository\com\google\code\findbugs\jsr305\3.0.2\jsr305-3.0.2.jar;C:\Users\ethan\.m2\repository\org\checkerframework\checker-qual\3.42.0\checker-qual-3.42.0.jar;C:\Users\ethan\.m2\repository\com\google\errorprone\error_prone_annotations\2.26.1\error_prone_annotations-2.26.1.jar;C:\Users\ethan\.m2\repository\com\google\j2objc\j2objc-annotations\3.0.0\j2objc-annotations-3.0.0.jar;C:\Users\ethan\.m2\repository\io\opentelemetry\semconv\opentelemetry-semconv\1.25.0-alpha\opentelemetry-semconv-1.25.0-alpha.jar;C:\Users\ethan\.m2\repository\io\opentelemetry\opentelemetry-api\1.40.0\opentelemetry-api-1.40.0.jar;C:\Users\ethan\.m2\repository\io\opentelemetry\opentelemetry-context\1.40.0\opentelemetry-context-1.40.0.jar;C:\Users\ethan\.m2\repository\io\opentelemetry\opentelemetry-exporter-logging\1.40.0\opentelemetry-exporter-logging-1.40.0.jar;C:\Users\ethan\.m2\repository\io\opentelemetry\opentelemetry-sdk-common\1.40.0\opentelemetry-sdk-common-1.40.0.jar;C:\Users\ethan\.m2\repository\io\opentelemetry\opentelemetry-sdk-extension-autoconfigure-spi\1.40.0\opentelemetry-sdk-extension-autoconfigure-spi-1.40.0.jar;C:\Users\ethan\.m2\repository\io\opentelemetry\opentelemetry-sdk-extension-autoconfigure\1.40.0\opentelemetry-sdk-extension-autoconfigure-1.40.0.jar;C:\Users\ethan\.m2\repository\io\opentelemetry\opentelemetry-api-incubator\1.40.0-alpha\opentelemetry-api-incubator-1.40.0-alpha.jar;C:\Users\ethan\.m2\repository\io\opentelemetry\opentelemetry-sdk-trace\1.40.0\opentelemetry-sdk-trace-1.40.0.jar;C:\Users\ethan\.m2\repository\io\opentelemetry\opentelemetry-sdk\1.40.0\opentelemetry-sdk-1.40.0.jar;C:\Users\ethan\.m2\repository\io\opentelemetry\opentelemetry-sdk-metrics\1.40.0\opentelemetry-sdk-metrics-1.40.0.jar;C:\Users\ethan\.m2\repository\io\opentelemetry\opentelemetry-sdk-logs\1.40.0\opentelemetry-sdk-logs-1.40.0.jar;C:\Users\ethan\.m2\repository\org\seleniumhq\selenium\selenium-os\4.23.0\selenium-os-4.23.0.jar;C:\Users\ethan\.m2\repository\org\apache\commons\commons-exec\1.4.0\commons-exec-1.4.0.jar;C:\Users\ethan\.m2\repository\org\seleniumhq\selenium\selenium-safari-driver\4.23.0\selenium-safari-driver-4.23.0.jar;C:\Users\ethan\.m2\repository\org\seleniumhq\selenium\selenium-support\4.23.0\selenium-support-4.23.0.jar;C:\Users\ethan\.m2\repository\io\cucumber\cucumber-junit\6.1.1\cucumber-junit-6.1.1.jar;C:\Users\ethan\.m2\repository\org\apiguardian\apiguardian-api\1.1.0\apiguardian-api-1.1.0.jar;C:\Users\ethan\.m2\repository\io\cucumber\cucumber-core\6.1.1\cucumber-core-6.1.1.jar;C:\Users\ethan\.m2\repository\io\cucumber\cucumber-gherkin\6.1.1\cucumber-gherkin-6.1.1.jar;C:\Users\ethan\.m2\repository\io\cucumber\cucumber-gherkin-messages\6.1.1\cucumber-gherkin-messages-6.1.1.jar;C:\Users\ethan\.m2\repository\io\cucumber\messages\12.1.1\messages-12.1.1.jar;C:\Users\ethan\.m2\repository\io\cucumber\tag-expressions\3.0.0\tag-expressions-3.0.0.jar;C:\Users\ethan\.m2\repository\io\cucumber\cucumber-expressions\10.2.0\cucumber-expressions-10.2.0.jar;C:\Users\ethan\.m2\repository\io\cucumber\datatable\3.3.1\datatable-3.3.1.jar;C:\Users\ethan\.m2\repository\io\cucumber\cucumber-plugin\6.1.1\cucumber-plugin-6.1.1.jar;C:\Users\ethan\.m2\repository\io\cucumber\docstring\6.1.1\docstring-6.1.1.jar;C:\Users\ethan\.m2\repository\io\cucumber\html-formatter\6.0.3\html-formatter-6.0.3.jar;C:\Users\ethan\.m2\repository\io\cucumber\cucumber-java\6.1.1\cucumber-java-6.1.1.jar;C:\Users\ethan\.m2\repository\org\jetbrains\annotations\24.1.0\annotations-24.1.0.jar;C:\Users\ethan\.m2\repository\commons-lang\commons-lang\1.0\commons-lang-1.0.jar;C:\Users\ethan\.m2\repository\org\mockito\mockito-core\5.15.2\mockito-core-5.15.2.jar;C:\Users\ethan\.m2\repository\net\bytebuddy\byte-buddy\1.15.11\byte-buddy-1.15.11.jar;C:\Users\ethan\.m2\repository\net\bytebuddy\byte-buddy-agent\1.15.11\byte-buddy-agent-1.15.11.jar;C:\Users\ethan\.m2\repository\org\objenesis\objenesis\3.3\objenesis-3.3.jar;"/>
    <property name="sun.cpu.endian" value="little"/>
    <property name="user.home" value="C:\Users\ethan"/>
    <property name="user.language" value="en"/>
    <property name="java.specification.vendor" value="Oracle Corporation"/>
    <property name="java.version.date" value="2024-10-15"/>
    <property name="java.home" value="C:\Users\ethan\.jdks\temurin-11.0.25"/>
    <property name="file.separator" value="\"/>
    <property name="basedir" value="C:\Users\ethan\IdeaProjects\revature\team-planetarium\Planetarium"/>
    <property name="java.vm.compressedOopsMode" value="Zero based"/>
    <property name="line.separator" value="&#10;"/>
    <property name="java.specification.name" value="Java Platform API Specification"/>
    <property name="java.vm.specification.vendor" value="Oracle Corporation"/>
    <property name="java.awt.graphicsenv" value="sun.awt.Win32GraphicsEnvironment"/>
    <property name="surefire.real.class.path" value="C:\Users\ethan\AppData\Local\Temp\surefire13950544467662063439\surefirebooter-20250116085147609_3.jar"/>
    <property name="user.script" value=""/>
    <property name="sun.management.compiler" value="HotSpot 64-Bit Tiered Compilers"/>
    <property name="java.runtime.version" value="11.0.25+9"/>
    <property name="user.name" value="ethan"/>
    <property name="path.separator" value=";"/>
    <property name="os.version" value="10.0"/>
    <property name="java.runtime.name" value="OpenJDK Runtime Environment"/>
    <property name="file.encoding" value="Cp1252"/>
    <property name="java.vm.name" value="OpenJDK 64-Bit Server VM"/>
    <property name="java.vendor.version" value="Temurin-11.0.25+9"/>
    <property name="localRepository" value="C:\Users\ethan\.m2\repository"/>
    <property name="java.vendor.url.bug" value="https://github.com/adoptium/adoptium-support/issues"/>
    <property name="java.io.tmpdir" value="C:\Users\ethan\AppData\Local\Temp\"/>
    <property name="idea.version" value="2024.3.1.1"/>
    <property name="java.version" value="11.0.25"/>
    <property name="user.dir" value="C:\Users\ethan\IdeaProjects\revature\team-planetarium\Planetarium"/>
    <property name="os.arch" value="amd64"/>
    <property name="java.vm.specification.name" value="Java Virtual Machine Specification"/>
    <property name="java.awt.printerjob" value="sun.awt.windows.WPrinterJob"/>
    <property name="sun.os.patch.level" value=""/>
    <property name="java.library.path" value="C:\Users\ethan\.jdks\temurin-11.0.25\bin;C:\WINDOWS\Sun\Java\bin;C:\WINDOWS\system32;C:\WINDOWS;C:\Python312\Scripts\;C:\Python312\;C:\Program Files (x86)\Common Files\Oracle\Java\javapath;C:\WINDOWS\system32;C:\WINDOWS;C:\WINDOWS\System32\Wbem;C:\WINDOWS\System32\WindowsPowerShell\v1.0\;C:\WINDOWS\System32\OpenSSH\;C:\Program Files\dotnet\;C:\Program Files\Microsoft SQL Server\150\Tools\Binn\;C:\Program Files\Microsoft SQL Server\Client SDK\ODBC\170\Tools\Binn\;C:\Program Files (x86)\Windows Kits\10\Windows Performance Toolkit\;C:\Program Files\nodejs\;C:\ProgramData\chocolatey\bin;C:\Program Files\Process Lasso\;C:\Program Files\Git\cmd;C:\Program Files\Docker\Docker\resources\bin;C:\Users\ethan\maven\apache-maven-3.9.9\bin;C:\Program Files\Java\jdk-22\bin;C:\Program Files\GitHub CLI\;C:\Program Files (x86)\NVIDIA Corporation\PhysX\Common;C:\Program Files\NVIDIA Corporation\NVIDIA app\NvDLISR;C:\Program Files\Amazon\AWSCLIV2\;C:\Users\ethan\AppData\Local\Microsoft\WindowsApps;C:\Program Files\JetBrains\IntelliJ IDEA 2023.3.3\bin;;C:\Users\ethan\AppData\Local\Programs\Microsoft VS Code\bin;C:\Users\ethan\AppData\Roaming\npm;C:\Users\ethan\.dotnet\tools;C:\Users\ethan\AppData\Local\Google\Cloud SDK\google-cloud-sdk\bin;C:\Program Files\Neovim\bin;C:\Program Files\Git\usr\bin;C:\ProgramData\mingw64\mingw64\bin;C:\texlive\2024\bin\windows;;."/>
    <property name="java.vm.info" value="mixed mode"/>
    <property name="java.vendor" value="Eclipse Adoptium"/>
    <property name="java.vm.version" value="11.0.25+9"/>
    <property name="java.specification.maintenance.version" value="3"/>
    <property name="sun.io.unicode.encoding" value="UnicodeLittle"/>
    <property name="java.class.version" value="55.0"/>
  </properties>
  <testcase name="createMoonFailure[0]" classname="com.revature.unitTests.service.moon.negative.ServiceMoonCreationTest" time="1.109"/>
  <testcase name="createMoonFailure[1]" classname="com.revature.unitTests.service.moon.negative.ServiceMoonCreationTest" time="0.008"/>
  <testcase name="createMoonFailure[2]" classname="com.revature.unitTests.service.moon.negative.ServiceMoonCreationTest" time="0.011"/>
  <testcase name="createMoonFailure[3]" classname="com.revature.unitTests.service.moon.negative.ServiceMoonCreationTest" time="0.009"/>
  <testcase name="createMoonFailure[4]" classname="com.revature.unitTests.service.moon.negative.ServiceMoonCreationTest" time="0.009"/>
  <testcase name="createMoonFailure[5]" classname="com.revature.unitTests.service.moon.negative.ServiceMoonCreationTest" time="0.022"/>
  <testcase name="deleteMoonFailure" classname="com.revature.unitTests.service.moon.negative.ServiceMoonDeletionTest" time="0.008"/>
  <testcase name="selectByPlanetFailure" classname="com.revature.unitTests.service.moon.negative.ServiceMoonRetrievalTest" time="0.008"/>
  <testcase name="deleteMoonSuccess" classname="com.revature.unitTests.service.moon.positive.ServiceMoonTests" time="0.009"/>
  <testcase name="createMoonSuccess" classname="com.revature.unitTests.service.moon.positive.ServiceMoonTests" time="0.009"/>
  <testcase name="selectByPlanetSuccess" classname="com.revature.unitTests.service.moon.positive.ServiceMoonTests" time="0.008"/>
  <testcase name="serviceCreatePlanetNegatives[0]" classname="com.revature.unitTests.service.planet.negative.ServicePlanetCreateTest" time="0.042"/>
  <testcase name="serviceCreatePlanetNegatives[1]" classname="com.revature.unitTests.service.planet.negative.ServicePlanetCreateTest" time="0.011"/>
  <testcase name="serviceCreatePlanetNegatives[2]" classname="com.revature.unitTests.service.planet.negative.ServicePlanetCreateTest" time="0.013">
    <system-out><![CDATA[dao failed to create planet, invalid planet name
]]></system-out>
  </testcase>
  <testcase name="serviceCreatePlanetNegatives[3]" classname="com.revature.unitTests.service.planet.negative.ServicePlanetCreateTest" time="0.007">
    <system-out><![CDATA[dao returned an existing planet, invalid planet name
]]></system-out>
  </testcase>
  <testcase name="serviceCreatePlanetNegatives[4]" classname="com.revature.unitTests.service.planet.negative.ServicePlanetCreateTest" time="0.008"/>
  <testcase name="serviceCreatePlanetNegatives[5]" classname="com.revature.unitTests.service.planet.negative.ServicePlanetCreateTest" time="0.009"/>
  <testcase name="serviceDeletePlanetFailure[0]" classname="com.revature.unitTests.service.planet.negative.ServicePlanetDeleteTest" time="0.007"/>
  <testcase name="serviceDeletePlanetFailure[1]" classname="com.revature.unitTests.service.planet.negative.ServicePlanetDeleteTest" time="0.008"/>
  <testcase name="serviceSelectPlanetNegatives[0]" classname="com.revature.unitTests.service.planet.negative.ServicePlanetSelectTest" time="0.008"/>
  <testcase name="serviceSelectPlanetNegatives[1]" classname="com.revature.unitTests.service.planet.negative.ServicePlanetSelectTest" time="0.008"/>
  <testcase name="createPlanetPositive" classname="com.revature.unitTests.service.planet.positive.ServicePlanetTest" time="0.008"/>
  <testcase name="deletePlanet" classname="com.revature.unitTests.service.planet.positive.ServicePlanetTest" time="0.009"/>
  <testcase name="selectByOwner" classname="com.revature.unitTests.service.planet.positive.ServicePlanetTest" time="0.008"/>
  <testcase name="authenticateNegative[0]" classname="com.revature.unitTests.service.user.negative.ServiceAuthenticateTest" time="0.03"/>
  <testcase name="authenticateNegative[1]" classname="com.revature.unitTests.service.user.negative.ServiceAuthenticateTest" time="0.01"/>
  <testcase name="authenticateNegative[2]" classname="com.revature.unitTests.service.user.negative.ServiceAuthenticateTest" time="0.007"/>
  <testcase name="createUserNegative[0]" classname="com.revature.unitTests.service.user.negative.ServiceCreateUserTest" time="0.007"/>
  <testcase name="createUserNegative[1]" classname="com.revature.unitTests.service.user.negative.ServiceCreateUserTest" time="0.008"/>
  <testcase name="createUserNegative[2]" classname="com.revature.unitTests.service.user.negative.ServiceCreateUserTest" time="0.008"/>
  <testcase name="createUserNegative[3]" classname="com.revature.unitTests.service.user.negative.ServiceCreateUserTest" time="0.007"/>
  <testcase name="createUserNegative[4]" classname="com.revature.unitTests.service.user.negative.ServiceCreateUserTest" time="0.008"/>
  <testcase name="createUserNegative[5]" classname="com.revature.unitTests.service.user.negative.ServiceCreateUserTest" time="0.007"/>
  <testcase name="createUserNegative[6]" classname="com.revature.unitTests.service.user.negative.ServiceCreateUserTest" time="0.008"/>
  <testcase name="createUserNegative[7]" classname="com.revature.unitTests.service.user.negative.ServiceCreateUserTest" time="0.007"/>
  <testcase name="createUserNegative[8]" classname="com.revature.unitTests.service.user.negative.ServiceCreateUserTest" time="0.008"/>
  <testcase name="createUserNegative[9]" classname="com.revature.unitTests.service.user.negative.ServiceCreateUserTest" time="0.007"/>
  <testcase name="createUserNegative[10]" classname="com.revature.unitTests.service.user.negative.ServiceCreateUserTest" time="0.008"/>
  <testcase name="createUserNegative[11]" classname="com.revature.unitTests.service.user.negative.ServiceCreateUserTest" time="0.009"/>
  <testcase name="createUserNegative[12]" classname="com.revature.unitTests.service.user.negative.ServiceCreateUserTest" time="0.009"/>
  <testcase name="createUserNegative[13]" classname="com.revature.unitTests.service.user.negative.ServiceCreateUserTest" time="0.007"/>
  <testcase name="authenticatePositive" classname="com.revature.unitTests.service.user.positive.ServiceUserTest" time="0.017">
    <system-out><![CDATA[Batman, Iamthenight1939
]]></system-out>
  </testcase>
  <testcase name="createUserPositive" classname="com.revature.unitTests.service.user.positive.ServiceUserTest" time="0.007">
    <system-out><![CDATA[User created successfully
]]></system-out>
  </testcase>
</testsuite>